#
# There is insufficient memory for the Java Runtime Environment to continue.
# Native memory allocation (malloc) failed to allocate 2307376 bytes for Chunk::new
# Possible reasons:
#   The system is out of physical RAM or swap space
#   The process is running with CompressedOops enabled, and the Java Heap may be blocking the growth of the native heap
# Possible solutions:
#   Reduce memory load on the system
#   Increase physical memory or swap space
#   Check if swap backing store is full
#   Decrease Java heap size (-Xmx/-Xms)
#   Decrease number of Java threads
#   Decrease Java thread stack sizes (-Xss)
#   Set larger code cache with -XX:ReservedCodeCacheSize=
#   JVM is running with Unscaled Compressed Oops mode in which the Java heap is
#     placed in the first 4GB address space. The Java Heap base address is the
#     maximum limit for the native heap growth. Please use -XX:HeapBaseMinAddress
#     to set the Java Heap base and to place the Java Heap above 4GB virtual address.
# This output file may be truncated or incomplete.
#
#  Out of Memory Error (allocation.cpp:389), pid=15900, tid=0x00000000000031a4
#
# JRE version: OpenJDK Runtime Environment (8.0_242-b01) (build 1.8.0_242-release-1644-b01)
# Java VM: OpenJDK 64-Bit Server VM (25.242-b01 mixed mode windows-amd64 compressed oops)
# Failed to write core dump. Minidumps are not enabled by default on client versions of Windows
#

---------------  T H R E A D  ---------------

Current thread (0x00000000198c3800):  JavaThread "C2 CompilerThread0" daemon [_thread_in_native, id=12708, stack(0x000000001a1c0000,0x000000001a2c0000)]

Stack: [0x000000001a1c0000,0x000000001a2c0000]
[error occurred during error reporting (printing stack bounds), id 0xc0000005]

Native frames: (J=compiled Java code, j=interpreted, Vv=VM code, C=native code)


Current CompileTask:
C2:   3425 2311       4       java.net.URLClassLoader$1::run (5 bytes)


---------------  P R O C E S S  ---------------

Java Threads: ( => current thread )
  0x000000001c5e2800 JavaThread "Cache worker for execution history cache (C:\Users\Belkoweb\.gradle\caches\6.1.1\executionHistory)" [_thread_blocked, id=2920, stack(0x0000000022190000,0x0000000022290000)]
  0x000000001c5df800 JavaThread "Cache worker for cache directory md-rule (C:\Users\Belkoweb\.gradle\caches\6.1.1\md-rule)" [_thread_blocked, id=15452, stack(0x0000000022090000,0x0000000022190000)]
  0x000000001c5e5000 JavaThread "Cache worker for cache directory md-supplier (C:\Users\Belkoweb\.gradle\caches\6.1.1\md-supplier)" [_thread_blocked, id=14960, stack(0x0000000020c20000,0x0000000020d20000)]
  0x000000001c5e2000 JavaThread "Cache worker for file hash cache (C:\Users\Belkoweb\Code\AR\V2\checkart\.gradle\6.1.1\fileHashes)" [_thread_blocked, id=8588, stack(0x0000000020dc0000,0x0000000020ec0000)]
  0x000000001c5e3800 JavaThread "Cache worker for checksums cache (C:\Users\Belkoweb\Code\AR\V2\checkart\.gradle\checksums)" [_thread_blocked, id=1064, stack(0x000000001f6e0000,0x000000001f7e0000)]
  0x000000001c5e1000 JavaThread "Cache worker for file hash cache (C:\Users\Belkoweb\.gradle\caches\6.1.1\fileHashes)" [_thread_blocked, id=15300, stack(0x000000001e610000,0x000000001e710000)]
  0x000000001c5e5800 JavaThread "File lock request listener" [_thread_in_native, id=8480, stack(0x000000001e510000,0x000000001e610000)]
  0x000000001c637000 JavaThread "Cache worker for journal cache (C:\Users\Belkoweb\.gradle\caches\journal-1)" [_thread_blocked, id=7228, stack(0x000000001e410000,0x000000001e510000)]
  0x000000001c4ee000 JavaThread "Thread-9" [_thread_blocked, id=8332, stack(0x000000001e110000,0x000000001e210000)]
  0x000000001c529000 JavaThread "Stdin handler" [_thread_blocked, id=6676, stack(0x000000001e010000,0x000000001e110000)]
  0x000000001c526000 JavaThread "Asynchronous log dispatcher for DefaultDaemonConnection: socket connection from /127.0.0.1:58404 to /127.0.0.1:58405" [_thread_blocked, id=16408, stack(0x000000001df10000,0x000000001e010000)]
  0x000000001c524800 JavaThread "Daemon worker" [_thread_in_Java, id=14356, stack(0x000000001de10000,0x000000001df10000)]
  0x000000001c523800 JavaThread "Cancel handler" [_thread_blocked, id=5112, stack(0x000000001dd10000,0x000000001de10000)]
  0x000000001c470800 JavaThread "Handler for socket connection from /127.0.0.1:58404 to /127.0.0.1:58405" [_thread_in_native, id=1732, stack(0x000000001da10000,0x000000001db10000)]
  0x000000001c48b800 JavaThread "Daemon" [_thread_blocked, id=7688, stack(0x000000001d910000,0x000000001da10000)]
  0x000000001c488000 JavaThread "Daemon periodic checks" [_thread_blocked, id=14384, stack(0x000000001d810000,0x000000001d910000)]
  0x000000001c443800 JavaThread "Incoming local TCP Connector on port 58404" [_thread_in_native, id=12576, stack(0x000000001d5a0000,0x000000001d6a0000)]
  0x000000001bf88800 JavaThread "Daemon health stats" [_thread_blocked, id=2680, stack(0x000000001cf60000,0x000000001d060000)]
  0x0000000019947800 JavaThread "Service Thread" daemon [_thread_blocked, id=2144, stack(0x000000001a5c0000,0x000000001a6c0000)]
  0x00000000198d2800 JavaThread "C1 CompilerThread3" daemon [_thread_blocked, id=5860, stack(0x000000001a4c0000,0x000000001a5c0000)]
  0x00000000198cb800 JavaThread "C2 CompilerThread2" daemon [_thread_in_native, id=13060, stack(0x000000001a3c0000,0x000000001a4c0000)]
  0x0000000017abd800 JavaThread "C2 CompilerThread1" daemon [_thread_in_native, id=8292, stack(0x000000001a2c0000,0x000000001a3c0000)]
=>0x00000000198c3800 JavaThread "C2 CompilerThread0" daemon [_thread_in_native, id=12708, stack(0x000000001a1c0000,0x000000001a2c0000)]
  0x00000000198c2800 JavaThread "Attach Listener" daemon [_thread_blocked, id=16124, stack(0x000000001a0c0000,0x000000001a1c0000)]
  0x00000000198c6000 JavaThread "Signal Dispatcher" daemon [_thread_blocked, id=8520, stack(0x0000000019fc0000,0x000000001a0c0000)]
  0x0000000002a3e000 JavaThread "Finalizer" daemon [_thread_blocked, id=4844, stack(0x0000000019d90000,0x0000000019e90000)]
  0x0000000002a37000 JavaThread "Reference Handler" daemon [_thread_blocked, id=11056, stack(0x0000000019c90000,0x0000000019d90000)]
  0x0000000000b8e800 JavaThread "main" [_thread_blocked, id=2932, stack(0x0000000002800000,0x0000000002900000)]

Other Threads:
  0x0000000017aa6000 VMThread [stack: 0x0000000019790000,0x0000000019890000] [id=5976]
  0x0000000019948000 WatcherThread [stack: 0x000000001a6c0000,0x000000001a7c0000] [id=15020]

VM state:not at safepoint (normal execution)

VM Mutex/Monitor currently owned by a thread: None

heap address: 0x0000000080000000, size: 2048 MB, Compressed Oops mode: 32-bit
Narrow klass base: 0x0000000000000000, Narrow klass shift: 3
Compressed class space size: 1073741824 Address: 0x0000000100000000

Heap:
 PSYoungGen      total 133120K, used 15153K [0x00000000d5580000, 0x00000000e1580000, 0x0000000100000000)
  eden space 123904K, 4% used [0x00000000d5580000,0x00000000d5b4f170,0x00000000dce80000)
  from space 9216K, 99% used [0x00000000dce80000,0x00000000dd77d5d8,0x00000000dd780000)
  to   space 12288K, 0% used [0x00000000e0980000,0x00000000e0980000,0x00000000e1580000)
 ParOldGen       total 32768K, used 11189K [0x0000000080000000, 0x0000000082000000, 0x00000000d5580000)
  object space 32768K, 34% used [0x0000000080000000,0x0000000080aed568,0x0000000082000000)
 Metaspace       used 32014K, capacity 32874K, committed 33072K, reserved 1077248K
  class space    used 4364K, capacity 4614K, committed 4656K, reserved 1048576K

Card table byte_map: [0x0000000011e00000,0x0000000012210000] byte_map_base: 0x0000000011a00000

Marking Bits: (ParMarkBitMap*) 0x000000005987f030
 Begin Bits: [0x0000000012cc0000, 0x0000000014cc0000)
 End Bits:   [0x0000000014cc0000, 0x0000000016cc0000)

Polling page: 0x0000000000ff0000

CodeCache: size=245760Kb used=9668Kb max_used=9668Kb free=236091Kb
 bounds [0x0000000002a40000, 0x00000000033c0000, 0x0000000011a40000]
 total_blobs=3186 nmethods=2504 adapters=595
 compilation: enabled

Compilation events (10 events):
Event: 3.417 Thread 0x00000000198d2800 2506       3       org.objectweb.asm.ClassWriter::visitField (53 bytes)
Event: 3.418 Thread 0x00000000198d2800 nmethod 2506 0x00000000033b0f10 code [0x00000000033b1080, 0x00000000033b1348]
Event: 3.418 Thread 0x00000000198d2800 2508       3       org.objectweb.asm.MethodWriter::putFrame (549 bytes)
Event: 3.419 Thread 0x00000000198d2800 nmethod 2508 0x00000000033b1450 code [0x00000000033b1860, 0x00000000033b3178]
Event: 3.419 Thread 0x00000000198d2800 2510       3       com.google.common.collect.CompactLinkedHashMap::accessEntry (48 bytes)
Event: 3.420 Thread 0x00000000198d2800 nmethod 2510 0x00000000033b4810 code [0x00000000033b49a0, 0x00000000033b4d28]
Event: 3.420 Thread 0x00000000198d2800 2507       3       org.objectweb.asm.FieldWriter::<init> (69 bytes)
Event: 3.420 Thread 0x00000000198d2800 nmethod 2507 0x00000000033b4f10 code [0x00000000033b50c0, 0x00000000033b5688]
Event: 3.420 Thread 0x00000000198d2800 2509       1       com.google.common.collect.LinkedHashMultimap$ValueSet::access$000 (5 bytes)
Event: 3.420 Thread 0x00000000198d2800 nmethod 2509 0x00000000033b5890 code [0x00000000033b59e0, 0x00000000033b5ad0]

GC Heap History (10 events):
Event: 1.790 GC heap before
{Heap before GC invocations=6 (full 0):
 PSYoungGen      total 34304K, used 34304K [0x00000000d5580000, 0x00000000d9e80000, 0x0000000100000000)
  eden space 31744K, 100% used [0x00000000d5580000,0x00000000d7480000,0x00000000d7480000)
  from space 2560K, 100% used [0x00000000d7480000,0x00000000d7700000,0x00000000d7700000)
  to   space 5632K, 0% used [0x00000000d9900000,0x00000000d9900000,0x00000000d9e80000)
 ParOldGen       total 42496K, used 4639K [0x0000000080000000, 0x0000000082980000, 0x00000000d5580000)
  object space 42496K, 10% used [0x0000000080000000,0x0000000080487e70,0x0000000082980000)
 Metaspace       used 14754K, capacity 15192K, committed 15488K, reserved 1062912K
  class space    used 1946K, capacity 2094K, committed 2176K, reserved 1048576K
Event: 1.796 GC heap after
Heap after GC invocations=6 (full 0):
 PSYoungGen      total 67584K, used 5606K [0x00000000d5580000, 0x00000000da180000, 0x0000000100000000)
  eden space 61952K, 0% used [0x00000000d5580000,0x00000000d5580000,0x00000000d9200000)
  from space 5632K, 99% used [0x00000000d9900000,0x00000000d9e79938,0x00000000d9e80000)
  to   space 7168K, 0% used [0x00000000d9200000,0x00000000d9200000,0x00000000d9900000)
 ParOldGen       total 42496K, used 5052K [0x0000000080000000, 0x0000000082980000, 0x00000000d5580000)
  object space 42496K, 11% used [0x0000000080000000,0x00000000804ef1f0,0x0000000082980000)
 Metaspace       used 14754K, capacity 15192K, committed 15488K, reserved 1062912K
  class space    used 1946K, capacity 2094K, committed 2176K, reserved 1048576K
}
Event: 2.321 GC heap before
{Heap before GC invocations=7 (full 0):
 PSYoungGen      total 67584K, used 67558K [0x00000000d5580000, 0x00000000da180000, 0x0000000100000000)
  eden space 61952K, 100% used [0x00000000d5580000,0x00000000d9200000,0x00000000d9200000)
  from space 5632K, 99% used [0x00000000d9900000,0x00000000d9e79938,0x00000000d9e80000)
  to   space 7168K, 0% used [0x00000000d9200000,0x00000000d9200000,0x00000000d9900000)
 ParOldGen       total 42496K, used 5052K [0x0000000080000000, 0x0000000082980000, 0x00000000d5580000)
  object space 42496K, 11% used [0x0000000080000000,0x00000000804ef1f0,0x0000000082980000)
 Metaspace       used 19948K, capacity 20538K, committed 20736K, reserved 1067008K
  class space    used 2790K, capacity 2973K, committed 3072K, reserved 1048576K
Event: 2.334 GC heap after
Heap after GC invocations=7 (full 0):
 PSYoungGen      total 69120K, used 7157K [0x00000000d5580000, 0x00000000de180000, 0x0000000100000000)
  eden space 61952K, 0% used [0x00000000d5580000,0x00000000d5580000,0x00000000d9200000)
  from space 7168K, 99% used [0x00000000d9200000,0x00000000d98fd480,0x00000000d9900000)
  to   space 9728K, 0% used [0x00000000dd800000,0x00000000dd800000,0x00000000de180000)
 ParOldGen       total 42496K, used 8475K [0x0000000080000000, 0x0000000082980000, 0x00000000d5580000)
  object space 42496K, 19% used [0x0000000080000000,0x0000000080846fb8,0x0000000082980000)
 Metaspace       used 19948K, capacity 20538K, committed 20736K, reserved 1067008K
  class space    used 2790K, capacity 2973K, committed 3072K, reserved 1048576K
}
Event: 2.417 GC heap before
{Heap before GC invocations=8 (full 0):
 PSYoungGen      total 69120K, used 15484K [0x00000000d5580000, 0x00000000de180000, 0x0000000100000000)
  eden space 61952K, 13% used [0x00000000d5580000,0x00000000d5da1d20,0x00000000d9200000)
  from space 7168K, 99% used [0x00000000d9200000,0x00000000d98fd480,0x00000000d9900000)
  to   space 9728K, 0% used [0x00000000dd800000,0x00000000dd800000,0x00000000de180000)
 ParOldGen       total 42496K, used 8475K [0x0000000080000000, 0x0000000082980000, 0x00000000d5580000)
  object space 42496K, 19% used [0x0000000080000000,0x0000000080846fb8,0x0000000082980000)
 Metaspace       used 20525K, capacity 21236K, committed 21296K, reserved 1067008K
  class space    used 2873K, capacity 3088K, committed 3120K, reserved 1048576K
Event: 2.424 GC heap after
Heap after GC invocations=8 (full 0):
 PSYoungGen      total 132608K, used 4675K [0x00000000d5580000, 0x00000000de080000, 0x0000000100000000)
  eden space 123904K, 0% used [0x00000000d5580000,0x00000000d5580000,0x00000000dce80000)
  from space 8704K, 53% used [0x00000000dd800000,0x00000000ddc90d18,0x00000000de080000)
  to   space 9216K, 0% used [0x00000000dce80000,0x00000000dce80000,0x00000000dd780000)
 ParOldGen       total 42496K, used 9059K [0x0000000080000000, 0x0000000082980000, 0x00000000d5580000)
  object space 42496K, 21% used [0x0000000080000000,0x00000000808d8fb8,0x0000000082980000)
 Metaspace       used 20525K, capacity 21236K, committed 21296K, reserved 1067008K
  class space    used 2873K, capacity 3088K, committed 3120K, reserved 1048576K
}
Event: 2.424 GC heap before
{Heap before GC invocations=9 (full 1):
 PSYoungGen      total 132608K, used 4675K [0x00000000d5580000, 0x00000000de080000, 0x0000000100000000)
  eden space 123904K, 0% used [0x00000000d5580000,0x00000000d5580000,0x00000000dce80000)
  from space 8704K, 53% used [0x00000000dd800000,0x00000000ddc90d18,0x00000000de080000)
  to   space 9216K, 0% used [0x00000000dce80000,0x00000000dce80000,0x00000000dd780000)
 ParOldGen       total 42496K, used 9059K [0x0000000080000000, 0x0000000082980000, 0x00000000d5580000)
  object space 42496K, 21% used [0x0000000080000000,0x00000000808d8fb8,0x0000000082980000)
 Metaspace       used 20525K, capacity 21236K, committed 21296K, reserved 1067008K
  class space    used 2873K, capacity 3088K, committed 3120K, reserved 1048576K
Event: 2.465 GC heap after
Heap after GC invocations=9 (full 1):
 PSYoungGen      total 132608K, used 0K [0x00000000d5580000, 0x00000000de080000, 0x0000000100000000)
  eden space 123904K, 0% used [0x00000000d5580000,0x00000000d5580000,0x00000000dce80000)
  from space 8704K, 0% used [0x00000000dd800000,0x00000000dd800000,0x00000000de080000)
  to   space 9216K, 0% used [0x00000000dce80000,0x00000000dce80000,0x00000000dd780000)
 ParOldGen       total 32768K, used 7659K [0x0000000080000000, 0x0000000082000000, 0x00000000d5580000)
  object space 32768K, 23% used [0x0000000080000000,0x000000008077ade0,0x0000000082000000)
 Metaspace       used 20525K, capacity 21236K, committed 21296K, reserved 1067008K
  class space    used 2873K, capacity 3088K, committed 3120K, reserved 1048576K
}
Event: 3.386 GC heap before
{Heap before GC invocations=10 (full 1):
 PSYoungGen      total 132608K, used 123904K [0x00000000d5580000, 0x00000000de080000, 0x0000000100000000)
  eden space 123904K, 100% used [0x00000000d5580000,0x00000000dce80000,0x00000000dce80000)
  from space 8704K, 0% used [0x00000000dd800000,0x00000000dd800000,0x00000000de080000)
  to   space 9216K, 0% used [0x00000000dce80000,0x00000000dce80000,0x00000000dd780000)
 ParOldGen       total 32768K, used 7659K [0x0000000080000000, 0x0000000082000000, 0x00000000d5580000)
  object space 32768K, 23% used [0x0000000080000000,0x000000008077ade0,0x0000000082000000)
 Metaspace       used 31773K, capacity 32542K, committed 32816K, reserved 1077248K
  class space    used 4318K, capacity 4547K, committed 4656K, reserved 1048576K
Event: 3.401 GC heap after
Heap after GC invocations=10 (full 1):
 PSYoungGen      total 133120K, used 9205K [0x00000000d5580000, 0x00000000e1580000, 0x0000000100000000)
  eden space 123904K, 0% used [0x00000000d5580000,0x00000000d5580000,0x00000000dce80000)
  from space 9216K, 99% used [0x00000000dce80000,0x00000000dd77d5d8,0x00000000dd780000)
  to   space 12288K, 0% used [0x00000000e0980000,0x00000000e0980000,0x00000000e1580000)
 ParOldGen       total 32768K, used 11189K [0x0000000080000000, 0x0000000082000000, 0x00000000d5580000)
  object space 32768K, 34% used [0x0000000080000000,0x0000000080aed568,0x0000000082000000)
 Metaspace       used 31773K, capacity 32542K, committed 32816K, reserved 1077248K
  class space    used 4318K, capacity 4547K, committed 4656K, reserved 1048576K
}

Deoptimization events (10 events):
Event: 2.951 Thread 0x000000001c524800 Uncommon trap: reason=unstable_if action=reinterpret pc=0x000000000302050c method=java.lang.ClassLoader.getClassLoadingLock(Ljava/lang/String;)Ljava/lang/Object; @ 6
Event: 2.964 Thread 0x000000001c524800 Uncommon trap: reason=class_check action=maybe_recompile pc=0x00000000031678d4 method=sun.misc.URLClassPath.getLoader(I)Lsun/misc/URLClassPath$Loader; @ 239
Event: 2.964 Thread 0x000000001c524800 Uncommon trap: reason=unstable_if action=reinterpret pc=0x0000000002f355b8 method=java.lang.String.regionMatches(ZILjava/lang/String;II)Z @ 41
Event: 2.972 Thread 0x000000001c524800 Uncommon trap: reason=class_check action=maybe_recompile pc=0x00000000031678d4 method=sun.misc.URLClassPath.getLoader(I)Lsun/misc/URLClassPath$Loader; @ 239
Event: 3.138 Thread 0x000000001c524800 Uncommon trap: reason=unstable_if action=reinterpret pc=0x0000000002ca1c4c method=java.util.HashMap.getNode(ILjava/lang/Object;)Ljava/util/HashMap$Node; @ 53
Event: 3.138 Thread 0x000000001c524800 Uncommon trap: reason=unstable_if action=reinterpret pc=0x0000000002eff640 method=java.util.HashMap.hash(Ljava/lang/Object;)I @ 1
Event: 3.208 Thread 0x000000001c524800 Uncommon trap: reason=unstable_if action=reinterpret pc=0x0000000003302a78 method=org.gradle.internal.reflect.PropertyAccessorType.isGetGetterName(Ljava/lang/String;)Z @ 14
Event: 3.229 Thread 0x000000001c524800 Uncommon trap: reason=unstable_if action=reinterpret pc=0x00000000031907c0 method=org.objectweb.asm.ByteVector.putShort(I)Lorg/objectweb/asm/ByteVector; @ 13
Event: 3.290 Thread 0x000000001c524800 Uncommon trap: reason=class_check action=maybe_recompile pc=0x0000000003166dd0 method=sun.misc.URLClassPath.getLoader(I)Lsun/misc/URLClassPath$Loader; @ 94
Event: 3.293 Thread 0x000000001c524800 Uncommon trap: reason=class_check action=maybe_recompile pc=0x000000000315a4cc method=sun.misc.URLClassPath.getLoader(I)Lsun/misc/URLClassPath$Loader; @ 239

Classes redefined (0 events):
No events

Internal exceptions (10 events):
Event: 3.371 Thread 0x000000001c524800 Exception <a 'java/lang/ClassNotFoundException': org/gradle/api/internal/DefaultNamedDomainObjectCollectionBeanInfo> (0x00000000dcbbed58) thrown at [C:\src\AOSP-openjdk-git\hotspot\src\share\vm\classfile\systemDictionary.cpp, line 210]
Event: 3.372 Thread 0x000000001c524800 Exception <a 'java/lang/ClassNotFoundException': org/gradle/api/internal/DefaultDomainObjectCollectionBeanInfo> (0x00000000dcbf4770) thrown at [C:\src\AOSP-openjdk-git\hotspot\src\share\vm\classfile\systemDictionary.cpp, line 210]
Event: 3.372 Thread 0x000000001c524800 Exception <a 'java/lang/ClassNotFoundException': java/util/AbstractCollectionBeanInfo> (0x00000000dcbf8ec8) thrown at [C:\src\AOSP-openjdk-git\hotspot\src\share\vm\classfile\systemDictionary.cpp, line 210]
Event: 3.372 Thread 0x000000001c524800 Exception <a 'java/lang/ClassNotFoundException': java/util/AbstractCollectionCustomizer> (0x00000000dcbfd630) thrown at [C:\src\AOSP-openjdk-git\hotspot\src\share\vm\classfile\systemDictionary.cpp, line 210]
Event: 3.374 Thread 0x000000001c524800 Exception <a 'java/lang/ClassNotFoundException': org/gradle/api/internal/DefaultDomainObjectCollectionCustomizer> (0x00000000dcc3e998) thrown at [C:\src\AOSP-openjdk-git\hotspot\src\share\vm\classfile\systemDictionary.cpp, line 210]
Event: 3.376 Thread 0x000000001c524800 Exception <a 'java/lang/ClassNotFoundException': org/gradle/api/internal/DefaultNamedDomainObjectCollectionCustomizer> (0x00000000dcc9e350) thrown at [C:\src\AOSP-openjdk-git\hotspot\src\share\vm\classfile\systemDictionary.cpp, line 210]
Event: 3.380 Thread 0x000000001c524800 Exception <a 'java/lang/ClassNotFoundException': org/gradle/api/internal/DefaultNamedDomainObjectListCustomizer> (0x00000000dcd146d8) thrown at [C:\src\AOSP-openjdk-git\hotspot\src\share\vm\classfile\systemDictionary.cpp, line 210]
Event: 3.382 Thread 0x000000001c524800 Exception <a 'java/lang/ClassNotFoundException': org/gradle/api/internal/artifacts/DefaultArtifactRepositoryContainerCustomizer> (0x00000000dcd8c0c0) thrown at [C:\src\AOSP-openjdk-git\hotspot\src\share\vm\classfile\systemDictionary.cpp, line 210]
Event: 3.384 Thread 0x000000001c524800 Exception <a 'java/lang/ClassNotFoundException': org/gradle/api/internal/artifacts/dsl/DefaultRepositoryHandlerCustomizer> (0x00000000dcdf3e50) thrown at [C:\src\AOSP-openjdk-git\hotspot\src\share\vm\classfile\systemDictionary.cpp, line 210]
Event: 3.386 Thread 0x000000001c524800 Exception <a 'java/lang/ClassNotFoundException': org/gradle/api/internal/artifacts/dsl/DefaultRepositoryHandler_DecoratedCustomizer> (0x00000000dce72500) thrown at [C:\src\AOSP-openjdk-git\hotspot\src\share\vm\classfile\systemDictionary.cpp, line 210]

Events (10 events):
Event: 3.422 loading class org/gradle/api/internal/artifacts/repositories/metadata/MetadataArtifactProvider
Event: 3.422 loading class org/gradle/api/internal/artifacts/repositories/metadata/MetadataArtifactProvider done
Event: 3.422 loading class org/gradle/api/internal/artifacts/repositories/metadata/MetadataSource
Event: 3.422 loading class org/gradle/api/internal/artifacts/repositories/metadata/MetadataSource done
Event: 3.423 loading class org/gradle/api/internal/artifacts/repositories/metadata/ImmutableMetadataSources
Event: 3.423 loading class org/gradle/api/internal/artifacts/repositories/metadata/ImmutableMetadataSources done
Event: 3.423 loading class org/gradle/api/internal/artifacts/ivyservice/ivyresolve/ConfiguredModuleComponentRepository
Event: 3.423 loading class org/gradle/api/internal/artifacts/ivyservice/ivyresolve/ConfiguredModuleComponentRepository done
Event: 3.423 loading class org/gradle/api/internal/artifacts/repositories/descriptor/RepositoryDescriptor
Event: 3.423 loading class org/gradle/api/internal/artifacts/repositories/descriptor/RepositoryDescriptor done


Dynamic libraries:
0x00007ff735840000 - 0x00007ff735871000 	C:\Program Files\Android\Android Studio\jre\bin\java.exe
0x00007ffb12030000 - 0x00007ffb12226000 	C:\Windows\SYSTEM32\ntdll.dll
0x00007ffb10130000 - 0x00007ffb101ed000 	C:\Windows\System32\KERNEL32.DLL
0x00007ffb0f7f0000 - 0x00007ffb0fab9000 	C:\Windows\System32\KERNELBASE.dll
0x00007ffb10b50000 - 0x00007ffb10bfc000 	C:\Windows\System32\ADVAPI32.dll
0x00007ffb10090000 - 0x00007ffb1012e000 	C:\Windows\System32\msvcrt.dll
0x00007ffb10910000 - 0x00007ffb109ac000 	C:\Windows\System32\sechost.dll
0x00007ffb119f0000 - 0x00007ffb11b1b000 	C:\Windows\System32\RPCRT4.dll
0x00007ffb10770000 - 0x00007ffb10910000 	C:\Windows\System32\USER32.dll
0x00007ffb0ffb0000 - 0x00007ffb0ffd2000 	C:\Windows\System32\win32u.dll
0x00007ffb11b20000 - 0x00007ffb11b4a000 	C:\Windows\System32\GDI32.dll
0x00007ffb0fac0000 - 0x00007ffb0fbcb000 	C:\Windows\System32\gdi32full.dll
0x00007ffb0fee0000 - 0x00007ffb0ff7d000 	C:\Windows\System32\msvcp_win.dll
0x00007ffb0fde0000 - 0x00007ffb0fee0000 	C:\Windows\System32\ucrtbase.dll
0x00007ffafd1e0000 - 0x00007ffafd47b000 	C:\Windows\WinSxS\amd64_microsoft.windows.common-controls_6595b64144ccf1df_6.0.19041.746_none_ca02b4b61b8320a4\COMCTL32.dll
0x00007ffb11b50000 - 0x00007ffb11b80000 	C:\Windows\System32\IMM32.DLL
0x0000000058ce0000 - 0x0000000058db2000 	C:\Program Files\Android\Android Studio\jre\jre\bin\msvcr100.dll
0x00000000590b0000 - 0x00000000598fb000 	C:\Program Files\Android\Android Studio\jre\jre\bin\server\jvm.dll
0x00007ffb10540000 - 0x00007ffb10548000 	C:\Windows\System32\PSAPI.DLL
0x00007ffb08fa0000 - 0x00007ffb08faa000 	C:\Windows\SYSTEM32\VERSION.dll
0x00007ffb04b60000 - 0x00007ffb04b87000 	C:\Windows\SYSTEM32\WINMM.dll
0x00007ffafafa0000 - 0x00007ffafafa9000 	C:\Windows\SYSTEM32\WSOCK32.dll
0x00007ffb10df0000 - 0x00007ffb10e5b000 	C:\Windows\System32\WS2_32.dll
0x00007ffb01c80000 - 0x00007ffb01c8f000 	C:\Program Files\Android\Android Studio\jre\jre\bin\verify.dll
0x00007ffb01240000 - 0x00007ffb01269000 	C:\Program Files\Android\Android Studio\jre\jre\bin\java.dll
0x00007ffb01c60000 - 0x00007ffb01c76000 	C:\Program Files\Android\Android Studio\jre\jre\bin\zip.dll
0x00007ffb112a0000 - 0x00007ffb119e2000 	C:\Windows\System32\SHELL32.dll
0x00007ffb0d8a0000 - 0x00007ffb0e030000 	C:\Windows\SYSTEM32\windows.storage.dll
0x00007ffb10e60000 - 0x00007ffb111b6000 	C:\Windows\System32\combase.dll
0x00007ffb0f1d0000 - 0x00007ffb0f1fc000 	C:\Windows\SYSTEM32\Wldp.dll
0x00007ffb10aa0000 - 0x00007ffb10b4e000 	C:\Windows\System32\SHCORE.dll
0x00007ffb11240000 - 0x00007ffb11295000 	C:\Windows\System32\shlwapi.dll
0x00007ffb0f6a0000 - 0x00007ffb0f6c6000 	C:\Windows\SYSTEM32\profapi.dll
0x00007ffb01220000 - 0x00007ffb0123a000 	C:\Program Files\Android\Android Studio\jre\jre\bin\net.dll
0x00007ffb0ef50000 - 0x00007ffb0efba000 	C:\Windows\system32\mswsock.dll
0x00007ffb01200000 - 0x00007ffb01213000 	C:\Program Files\Android\Android Studio\jre\jre\bin\nio.dll
0x00007ffadeb70000 - 0x00007ffadeb96000 	C:\Users\Belkoweb\.gradle\native\31\windows-amd64\native-platform.dll
0x00007ffb019b0000 - 0x00007ffb019bd000 	C:\Program Files\Android\Android Studio\jre\jre\bin\management.dll
0x00007ffb0f120000 - 0x00007ffb0f138000 	C:\Windows\SYSTEM32\CRYPTSP.dll
0x00007ffb0e880000 - 0x00007ffb0e8b4000 	C:\Windows\system32\rsaenh.dll
0x00007ffb0ff80000 - 0x00007ffb0ffa7000 	C:\Windows\System32\bcrypt.dll
0x00007ffb0f660000 - 0x00007ffb0f68e000 	C:\Windows\SYSTEM32\USERENV.dll
0x00007ffb0f770000 - 0x00007ffb0f7f0000 	C:\Windows\System32\bcryptprimitives.dll
0x00007ffb0f140000 - 0x00007ffb0f14c000 	C:\Windows\SYSTEM32\CRYPTBASE.dll
0x00007ffb0ebf0000 - 0x00007ffb0ec2b000 	C:\Windows\SYSTEM32\IPHLPAPI.DLL
0x00007ffb10550000 - 0x00007ffb10558000 	C:\Windows\System32\NSI.dll
0x00007ffb08b90000 - 0x00007ffb08ba7000 	C:\Windows\SYSTEM32\dhcpcsvc6.DLL
0x00007ffb08c30000 - 0x00007ffb08c4d000 	C:\Windows\SYSTEM32\dhcpcsvc.DLL
0x00007ffb0ec30000 - 0x00007ffb0ecfb000 	C:\Windows\SYSTEM32\DNSAPI.dll

VM Arguments:
jvm_args: -Xmx2048m -Dfile.encoding=windows-1252 -Duser.country=FR -Duser.language=fr -Duser.variant 
java_command: org.gradle.launcher.daemon.bootstrap.GradleDaemon 6.1.1
java_class_path (initial): C:\Users\Belkoweb\.gradle\wrapper\dists\gradle-6.1.1-all\cfmwm155h49vnt3hynmlrsdst\gradle-6.1.1\lib\gradle-launcher-6.1.1.jar
Launcher Type: SUN_STANDARD

Environment Variables:
JAVA_HOME=C:\Program Files\Android\Android Studio\jre
PATH=C:\Program Files (x86)\Common Files\Oracle\Java\javapath;C:\oraclexe\app\oracle\product\11.2.0\server\bin;C:\Program Files\Common Files\Oracle\Java\javapath;C:\Windows\system32;C:\Windows;C:\Windows\System32\Wbem;C:\Windows\System32\WindowsPowerShell\v1.0\;C:\Windows\System32\OpenSSH\;C:\Program Files\Symfony;C:\Program Files\Git\cmd;C:\wamp64\bin\php\php7.4.0;C:\ProgramData\ComposerSetup\bin;C:\Program Files\PuTTY\;C:\Program Files\nodejs\;C:\Program Files\dotnet\;C:\Program Files\Java\jdk1.6.0_45;C:\Users\Belkoweb\AppData\Local\Microsoft\WindowsApps;C:\Users\Belkoweb\AppData\Roaming\Composer\vendor\bin;C:\Users\Belkoweb\AppData\Roaming\npm;C:\Program Files\heroku\bin;C:\Users\Belkoweb\.dotnet\tools
USERNAME=Belkoweb
OS=Windows_NT
PROCESSOR_IDENTIFIER=Intel64 Family 6 Model 142 Stepping 10, GenuineIntel



---------------  S Y S T E M  ---------------

OS: Windows 10.0 , 64 bit Build 19041 (10.0.19041.804)

CPU:total 8 (initial active 8) (4 cores per cpu, 2 threads per core) family 6 model 142 stepping 10, cmov, cx8, fxsr, mmx, sse, sse2, sse3, ssse3, sse4.1, sse4.2, popcnt, avx, avx2, aes, clmul, erms, 3dnowpref, lzcnt, ht, tsc, tscinvbit, bmi1, bmi2, adx

Memory: 4k page, physical 4056128k(468064k free), swap 13515964k(5356k free)

vm_info: OpenJDK 64-Bit Server VM (25.242-b01) for windows-amd64 JRE (1.8.0_242-release-1644-b01), built by "builder" with MS VC++ 10.0 (VS2010)

time: Sat Feb 27 09:08:53 2021
timezone: Maroc (heure d’été)
elapsed time: 3 seconds (0d 0h 0m 3s)

