#
# There is insufficient memory for the Java Runtime Environment to continue.
# Native memory allocation (malloc) failed to allocate 1281856 bytes for Chunk::new
# Possible reasons:
#   The system is out of physical RAM or swap space
#   The process is running with CompressedOops enabled, and the Java Heap may be blocking the growth of the native heap
# Possible solutions:
#   Reduce memory load on the system
#   Increase physical memory or swap space
#   Check if swap backing store is full
#   Decrease Java heap size (-Xmx/-Xms)
#   Decrease number of Java threads
#   Decrease Java thread stack sizes (-Xss)
#   Set larger code cache with -XX:ReservedCodeCacheSize=
#   JVM is running with Unscaled Compressed Oops mode in which the Java heap is
#     placed in the first 4GB address space. The Java Heap base address is the
#     maximum limit for the native heap growth. Please use -XX:HeapBaseMinAddress
#     to set the Java Heap base and to place the Java Heap above 4GB virtual address.
# This output file may be truncated or incomplete.
#
#  Out of Memory Error (allocation.cpp:389), pid=5732, tid=0x0000000000004164
#
# JRE version: OpenJDK Runtime Environment (8.0_242-b01) (build 1.8.0_242-release-1644-b01)
# Java VM: OpenJDK 64-Bit Server VM (25.242-b01 mixed mode windows-amd64 compressed oops)
# Failed to write core dump. Minidumps are not enabled by default on client versions of Windows
#

---------------  T H R E A D  ---------------

Current thread (0x000000001a063800):  JavaThread "C2 CompilerThread0" daemon [_thread_in_native, id=16740, stack(0x000000001a960000,0x000000001aa60000)]

Stack: [0x000000001a960000,0x000000001aa60000]
[error occurred during error reporting (printing stack bounds), id 0xc0000005]

Native frames: (J=compiled Java code, j=interpreted, Vv=VM code, C=native code)


Current CompileTask:
C2:   8398 3412       4       groovy.lang.MetaClassImpl$1MOPIter::methodNameAction (325 bytes)


---------------  P R O C E S S  ---------------

Java Threads: ( => current thread )
  0x000000001f4e1000 JavaThread "Build operations Thread 8" [_thread_blocked, id=16596, stack(0x0000000025eb0000,0x0000000025fb0000)]
  0x000000001f4e0000 JavaThread "Build operations Thread 7" [_thread_blocked, id=15620, stack(0x0000000025db0000,0x0000000025eb0000)]
  0x000000001f4df800 JavaThread "Build operations Thread 6" [_thread_blocked, id=12564, stack(0x0000000025cb0000,0x0000000025db0000)]
  0x000000001f4dc800 JavaThread "Build operations Thread 5" [_thread_blocked, id=16152, stack(0x0000000025bb0000,0x0000000025cb0000)]
  0x000000001f4de000 JavaThread "Build operations Thread 4" [_thread_blocked, id=14644, stack(0x0000000025ab0000,0x0000000025bb0000)]
  0x000000001f4dd000 JavaThread "Build operations Thread 3" [_thread_blocked, id=8264, stack(0x00000000259b0000,0x0000000025ab0000)]
  0x000000001f4de800 JavaThread "Build operations Thread 2" [_thread_blocked, id=8296, stack(0x00000000246a0000,0x00000000247a0000)]
  0x000000001f4db800 JavaThread "Build operations" [_thread_blocked, id=15796, stack(0x00000000245a0000,0x00000000246a0000)]
  0x000000001ce08000 JavaThread "Cache worker for execution history cache (C:\Users\Belkoweb\.gradle\caches\6.1.1\executionHistory)" [_thread_blocked, id=3624, stack(0x0000000022940000,0x0000000022a40000)]
  0x000000001ce05000 JavaThread "Cache worker for cache directory md-rule (C:\Users\Belkoweb\.gradle\caches\6.1.1\md-rule)" [_thread_blocked, id=8492, stack(0x0000000022840000,0x0000000022940000)]
  0x000000001ce09800 JavaThread "Cache worker for cache directory md-supplier (C:\Users\Belkoweb\.gradle\caches\6.1.1\md-supplier)" [_thread_blocked, id=9036, stack(0x0000000021480000,0x0000000021580000)]
  0x000000001ce03800 JavaThread "Cache worker for file hash cache (C:\Users\Belkoweb\Code\AR\V2\checkart\.gradle\6.1.1\fileHashes)" [_thread_blocked, id=7852, stack(0x0000000021180000,0x0000000021280000)]
  0x000000001ce0a800 JavaThread "Cache worker for checksums cache (C:\Users\Belkoweb\Code\AR\V2\checkart\.gradle\checksums)" [_thread_blocked, id=3776, stack(0x0000000021080000,0x0000000021180000)]
  0x000000001ce06800 JavaThread "Cache worker for file hash cache (C:\Users\Belkoweb\.gradle\caches\6.1.1\fileHashes)" [_thread_blocked, id=1788, stack(0x000000001ede0000,0x000000001eee0000)]
  0x000000001ce07800 JavaThread "File lock request listener" [_thread_in_native, id=7800, stack(0x000000001ece0000,0x000000001ede0000)]
  0x000000001ceda000 JavaThread "Cache worker for journal cache (C:\Users\Belkoweb\.gradle\caches\journal-1)" [_thread_blocked, id=14748, stack(0x000000001ebe0000,0x000000001ece0000)]
  0x000000001cd94000 JavaThread "Thread-9" [_thread_blocked, id=15592, stack(0x000000001e8e0000,0x000000001e9e0000)]
  0x000000001cd81000 JavaThread "Stdin handler" [_thread_blocked, id=15176, stack(0x000000001e7e0000,0x000000001e8e0000)]
  0x000000001cdd7800 JavaThread "Asynchronous log dispatcher for DefaultDaemonConnection: socket connection from /127.0.0.1:58359 to /127.0.0.1:58360" [_thread_blocked, id=14360, stack(0x000000001e6e0000,0x000000001e7e0000)]
  0x000000001cdd6800 JavaThread "Daemon worker" [_thread_in_native, id=6180, stack(0x000000001e5e0000,0x000000001e6e0000)]
  0x000000001cdd2800 JavaThread "Cancel handler" [_thread_blocked, id=14976, stack(0x000000001e4e0000,0x000000001e5e0000)]
  0x000000001cd7b000 JavaThread "Handler for socket connection from /127.0.0.1:58359 to /127.0.0.1:58360" [_thread_in_native, id=4356, stack(0x000000001e1e0000,0x000000001e2e0000)]
  0x000000001cd4e000 JavaThread "Daemon" [_thread_blocked, id=2432, stack(0x000000001e0e0000,0x000000001e1e0000)]
  0x000000001ccfc000 JavaThread "Daemon periodic checks" [_thread_blocked, id=11920, stack(0x000000001dfe0000,0x000000001e0e0000)]
  0x000000001ccfb000 JavaThread "Incoming local TCP Connector on port 58359" [_thread_in_native, id=9172, stack(0x000000001dd70000,0x000000001de70000)]
  0x000000001ccda800 JavaThread "Daemon health stats" [_thread_blocked, id=4836, stack(0x000000001c730000,0x000000001c830000)]
  0x000000001a102000 JavaThread "Service Thread" daemon [_thread_blocked, id=4444, stack(0x000000001ad60000,0x000000001ae60000)]
  0x000000001a06c000 JavaThread "C1 CompilerThread3" daemon [_thread_blocked, id=7076, stack(0x000000001ac60000,0x000000001ad60000)]
  0x000000001a069000 JavaThread "C2 CompilerThread2" daemon [_thread_in_native, id=14568, stack(0x000000001ab60000,0x000000001ac60000)]
  0x000000001827b800 JavaThread "C2 CompilerThread1" daemon [_thread_in_native, id=10300, stack(0x000000001aa60000,0x000000001ab60000)]
=>0x000000001a063800 JavaThread "C2 CompilerThread0" daemon [_thread_in_native, id=16740, stack(0x000000001a960000,0x000000001aa60000)]
  0x000000001a062800 JavaThread "Attach Listener" daemon [_thread_blocked, id=13164, stack(0x000000001a860000,0x000000001a960000)]
  0x000000001a066000 JavaThread "Signal Dispatcher" daemon [_thread_blocked, id=12612, stack(0x000000001a760000,0x000000001a860000)]
  0x00000000031fe000 JavaThread "Finalizer" daemon [_thread_blocked, id=16196, stack(0x000000001a530000,0x000000001a630000)]
  0x00000000031f7000 JavaThread "Reference Handler" daemon [_thread_blocked, id=1316, stack(0x000000001a430000,0x000000001a530000)]
  0x0000000002fbe800 JavaThread "main" [_thread_blocked, id=5312, stack(0x0000000002fc0000,0x00000000030c0000)]

Other Threads:
  0x0000000018266000 VMThread [stack: 0x0000000019f30000,0x000000001a030000] [id=12072]
  0x000000001a103000 WatcherThread [stack: 0x000000001ae60000,0x000000001af60000] [id=13336]

VM state:not at safepoint (normal execution)

VM Mutex/Monitor currently owned by a thread: None

heap address: 0x0000000080000000, size: 2048 MB, Compressed Oops mode: 32-bit
Narrow klass base: 0x0000000000000000, Narrow klass shift: 3
Compressed class space size: 1073741824 Address: 0x0000000100000000

Heap:
 PSYoungGen      total 200192K, used 54304K [0x00000000d5580000, 0x00000000e2600000, 0x0000000100000000)
  eden space 187904K, 28% used [0x00000000d5580000,0x00000000d8a881e8,0x00000000e0d00000)
  from space 12288K, 0% used [0x00000000e1980000,0x00000000e1980000,0x00000000e2580000)
  to   space 12800K, 0% used [0x00000000e0d00000,0x00000000e0d00000,0x00000000e1980000)
 ParOldGen       total 29696K, used 15727K [0x0000000080000000, 0x0000000081d00000, 0x00000000d5580000)
  object space 29696K, 52% used [0x0000000080000000,0x0000000080f5bc28,0x0000000081d00000)
 Metaspace       used 36163K, capacity 37536K, committed 37672K, reserved 1081344K
  class space    used 4995K, capacity 5322K, committed 5424K, reserved 1048576K

Card table byte_map: [0x00000000125c0000,0x00000000129d0000] byte_map_base: 0x00000000121c0000

Marking Bits: (ParMarkBitMap*) 0x000000005987f030
 Begin Bits: [0x0000000013480000, 0x0000000015480000)
 End Bits:   [0x0000000015480000, 0x0000000017480000)

Polling page: 0x0000000001360000

CodeCache: size=245760Kb used=11383Kb max_used=11406Kb free=234376Kb
 bounds [0x0000000003200000, 0x0000000003d30000, 0x0000000012200000]
 total_blobs=3972 nmethods=3269 adapters=616
 compilation: enabled

Compilation events (10 events):
Event: 8.389 Thread 0x000000001a06c000 3542       3       sun.reflect.ByteVectorImpl::resize (44 bytes)
Event: 8.390 Thread 0x000000001a06c000 nmethod 3542 0x0000000003d1cd90 code [0x0000000003d1cf00, 0x0000000003d1d1e8]
Event: 8.394 Thread 0x000000001a06c000 3543       3       java.io.ObjectStreamClass$Caches::access$200 (4 bytes)
Event: 8.394 Thread 0x000000001a06c000 nmethod 3543 0x0000000003d1d2d0 code [0x0000000003d1d420, 0x0000000003d1d550]
Event: 8.394 Thread 0x000000001a06c000 3544       3       java.io.ObjectOutputStream$HandleTable::hash (8 bytes)
Event: 8.395 Thread 0x000000001a06c000 nmethod 3544 0x0000000003d1d5d0 code [0x0000000003d1d740, 0x0000000003d1d8c8]
Event: 8.395 Thread 0x000000001a06c000 3545       3       java.io.ObjectOutputStream$BlockDataOutputStream::writeByte (33 bytes)
Event: 8.395 Thread 0x000000001a06c000 nmethod 3545 0x0000000003d1d950 code [0x0000000003d1dac0, 0x0000000003d1dce8]
Event: 8.395 Thread 0x000000001a06c000 3546       1       org.gradle.internal.logging.events.ProgressStartEvent::isBuildOperationStart (5 bytes)
Event: 8.395 Thread 0x000000001a06c000 nmethod 3546 0x0000000003d1de10 code [0x0000000003d1df60, 0x0000000003d1e070]

GC Heap History (10 events):
Event: 5.968 GC heap before
{Heap before GC invocations=8 (full 0):
 PSYoungGen      total 69120K, used 13884K [0x00000000d5580000, 0x00000000de280000, 0x0000000100000000)
  eden space 62464K, 11% used [0x00000000d5580000,0x00000000d5c93f68,0x00000000d9280000)
  from space 6656K, 99% used [0x00000000d9280000,0x00000000d98fb460,0x00000000d9900000)
  to   space 9728K, 0% used [0x00000000dd900000,0x00000000dd900000,0x00000000de280000)
 ParOldGen       total 42496K, used 8862K [0x0000000080000000, 0x0000000082980000, 0x00000000d5580000)
  object space 42496K, 20% used [0x0000000080000000,0x00000000808a7868,0x0000000082980000)
 Metaspace       used 20537K, capacity 21240K, committed 21296K, reserved 1067008K
  class space    used 2876K, capacity 3088K, committed 3120K, reserved 1048576K
Event: 5.973 GC heap after
Heap after GC invocations=8 (full 0):
 PSYoungGen      total 133632K, used 4635K [0x00000000d5580000, 0x00000000de180000, 0x0000000100000000)
  eden space 124928K, 0% used [0x00000000d5580000,0x00000000d5580000,0x00000000dcf80000)
  from space 8704K, 53% used [0x00000000dd900000,0x00000000ddd86da8,0x00000000de180000)
  to   space 9216K, 0% used [0x00000000dcf80000,0x00000000dcf80000,0x00000000dd880000)
 ParOldGen       total 42496K, used 9406K [0x0000000080000000, 0x0000000082980000, 0x00000000d5580000)
  object space 42496K, 22% used [0x0000000080000000,0x000000008092f868,0x0000000082980000)
 Metaspace       used 20537K, capacity 21240K, committed 21296K, reserved 1067008K
  class space    used 2876K, capacity 3088K, committed 3120K, reserved 1048576K
}
Event: 5.973 GC heap before
{Heap before GC invocations=9 (full 1):
 PSYoungGen      total 133632K, used 4635K [0x00000000d5580000, 0x00000000de180000, 0x0000000100000000)
  eden space 124928K, 0% used [0x00000000d5580000,0x00000000d5580000,0x00000000dcf80000)
  from space 8704K, 53% used [0x00000000dd900000,0x00000000ddd86da8,0x00000000de180000)
  to   space 9216K, 0% used [0x00000000dcf80000,0x00000000dcf80000,0x00000000dd880000)
 ParOldGen       total 42496K, used 9406K [0x0000000080000000, 0x0000000082980000, 0x00000000d5580000)
  object space 42496K, 22% used [0x0000000080000000,0x000000008092f868,0x0000000082980000)
 Metaspace       used 20537K, capacity 21240K, committed 21296K, reserved 1067008K
  class space    used 2876K, capacity 3088K, committed 3120K, reserved 1048576K
Event: 6.000 GC heap after
Heap after GC invocations=9 (full 1):
 PSYoungGen      total 133632K, used 0K [0x00000000d5580000, 0x00000000de180000, 0x0000000100000000)
  eden space 124928K, 0% used [0x00000000d5580000,0x00000000d5580000,0x00000000dcf80000)
  from space 8704K, 0% used [0x00000000dd900000,0x00000000dd900000,0x00000000de180000)
  to   space 9216K, 0% used [0x00000000dcf80000,0x00000000dcf80000,0x00000000dd880000)
 ParOldGen       total 29696K, used 7407K [0x0000000080000000, 0x0000000081d00000, 0x00000000d5580000)
  object space 29696K, 24% used [0x0000000080000000,0x000000008073bc68,0x0000000081d00000)
 Metaspace       used 20537K, capacity 21240K, committed 21296K, reserved 1067008K
  class space    used 2876K, capacity 3088K, committed 3120K, reserved 1048576K
}
Event: 7.242 GC heap before
{Heap before GC invocations=10 (full 1):
 PSYoungGen      total 133632K, used 124928K [0x00000000d5580000, 0x00000000de180000, 0x0000000100000000)
  eden space 124928K, 100% used [0x00000000d5580000,0x00000000dcf80000,0x00000000dcf80000)
  from space 8704K, 0% used [0x00000000dd900000,0x00000000dd900000,0x00000000de180000)
  to   space 9216K, 0% used [0x00000000dcf80000,0x00000000dcf80000,0x00000000dd880000)
 ParOldGen       total 29696K, used 7407K [0x0000000080000000, 0x0000000081d00000, 0x00000000d5580000)
  object space 29696K, 24% used [0x0000000080000000,0x000000008073bc68,0x0000000081d00000)
 Metaspace       used 31920K, capacity 32702K, committed 32816K, reserved 1077248K
  class space    used 4348K, capacity 4579K, committed 4656K, reserved 1048576K
Event: 7.267 GC heap after
Heap after GC invocations=10 (full 1):
 PSYoungGen      total 134144K, used 9198K [0x00000000d5580000, 0x00000000e2580000, 0x0000000100000000)
  eden space 124928K, 0% used [0x00000000d5580000,0x00000000d5580000,0x00000000dcf80000)
  from space 9216K, 99% used [0x00000000dcf80000,0x00000000dd87b928,0x00000000dd880000)
  to   space 12288K, 0% used [0x00000000e1980000,0x00000000e1980000,0x00000000e2580000)
 ParOldGen       total 29696K, used 11184K [0x0000000080000000, 0x0000000081d00000, 0x00000000d5580000)
  object space 29696K, 37% used [0x0000000080000000,0x0000000080aec218,0x0000000081d00000)
 Metaspace       used 31920K, capacity 32702K, committed 32816K, reserved 1077248K
  class space    used 4348K, capacity 4579K, committed 4656K, reserved 1048576K
}
Event: 7.682 GC heap before
{Heap before GC invocations=11 (full 1):
 PSYoungGen      total 134144K, used 63456K [0x00000000d5580000, 0x00000000e2580000, 0x0000000100000000)
  eden space 124928K, 43% used [0x00000000d5580000,0x00000000d8a7ca60,0x00000000dcf80000)
  from space 9216K, 99% used [0x00000000dcf80000,0x00000000dd87b928,0x00000000dd880000)
  to   space 12288K, 0% used [0x00000000e1980000,0x00000000e1980000,0x00000000e2580000)
 ParOldGen       total 29696K, used 11184K [0x0000000080000000, 0x0000000081d00000, 0x00000000d5580000)
  object space 29696K, 37% used [0x0000000080000000,0x0000000080aec218,0x0000000081d00000)
 Metaspace       used 34570K, capacity 35416K, committed 35496K, reserved 1079296K
  class space    used 4742K, capacity 4975K, committed 5040K, reserved 1048576K
Event: 7.692 GC heap after
Heap after GC invocations=11 (full 1):
 PSYoungGen      total 200192K, used 9094K [0x00000000d5580000, 0x00000000e2600000, 0x0000000100000000)
  eden space 187904K, 0% used [0x00000000d5580000,0x00000000d5580000,0x00000000e0d00000)
  from space 12288K, 74% used [0x00000000e1980000,0x00000000e2261a60,0x00000000e2580000)
  to   space 12800K, 0% used [0x00000000e0d00000,0x00000000e0d00000,0x00000000e1980000)
 ParOldGen       total 29696K, used 11192K [0x0000000080000000, 0x0000000081d00000, 0x00000000d5580000)
  object space 29696K, 37% used [0x0000000080000000,0x0000000080aee218,0x0000000081d00000)
 Metaspace       used 34570K, capacity 35416K, committed 35496K, reserved 1079296K
  class space    used 4742K, capacity 4975K, committed 5040K, reserved 1048576K
}
Event: 7.692 GC heap before
{Heap before GC invocations=12 (full 2):
 PSYoungGen      total 200192K, used 9094K [0x00000000d5580000, 0x00000000e2600000, 0x0000000100000000)
  eden space 187904K, 0% used [0x00000000d5580000,0x00000000d5580000,0x00000000e0d00000)
  from space 12288K, 74% used [0x00000000e1980000,0x00000000e2261a60,0x00000000e2580000)
  to   space 12800K, 0% used [0x00000000e0d00000,0x00000000e0d00000,0x00000000e1980000)
 ParOldGen       total 29696K, used 11192K [0x0000000080000000, 0x0000000081d00000, 0x00000000d5580000)
  object space 29696K, 37% used [0x0000000080000000,0x0000000080aee218,0x0000000081d00000)
 Metaspace       used 34570K, capacity 35416K, committed 35496K, reserved 1079296K
  class space    used 4742K, capacity 4975K, committed 5040K, reserved 1048576K
Event: 7.732 GC heap after
Heap after GC invocations=12 (full 2):
 PSYoungGen      total 200192K, used 0K [0x00000000d5580000, 0x00000000e2600000, 0x0000000100000000)
  eden space 187904K, 0% used [0x00000000d5580000,0x00000000d5580000,0x00000000e0d00000)
  from space 12288K, 0% used [0x00000000e1980000,0x00000000e1980000,0x00000000e2580000)
  to   space 12800K, 0% used [0x00000000e0d00000,0x00000000e0d00000,0x00000000e1980000)
 ParOldGen       total 29696K, used 15727K [0x0000000080000000, 0x0000000081d00000, 0x00000000d5580000)
  object space 29696K, 52% used [0x0000000080000000,0x0000000080f5bc28,0x0000000081d00000)
 Metaspace       used 34570K, capacity 35416K, committed 35496K, reserved 1079296K
  class space    used 4742K, capacity 4975K, committed 5040K, reserved 1048576K
}

Deoptimization events (10 events):
Event: 7.916 Thread 0x000000001f4de000 Uncommon trap: reason=class_check action=maybe_recompile pc=0x00000000037c21dc method=java.util.concurrent.ConcurrentHashMap.putVal(Ljava/lang/Object;Ljava/lang/Object;Z)Ljava/lang/Object; @ 192
Event: 7.916 Thread 0x000000001f4df800 Uncommon trap: reason=class_check action=maybe_recompile pc=0x00000000037c21dc method=java.util.concurrent.ConcurrentHashMap.putVal(Ljava/lang/Object;Ljava/lang/Object;Z)Ljava/lang/Object; @ 192
Event: 7.932 Thread 0x000000001f4db800 Uncommon trap: reason=unstable_if action=reinterpret pc=0x00000000037c2050 method=java.util.concurrent.ConcurrentHashMap.addCount(JI)V @ 34
Event: 7.932 Thread 0x000000001f4de800 Uncommon trap: reason=unstable_if action=reinterpret pc=0x00000000037c2050 method=java.util.concurrent.ConcurrentHashMap.addCount(JI)V @ 34
Event: 7.933 Thread 0x000000001f4e0000 Uncommon trap: reason=unstable_if action=reinterpret pc=0x00000000036e2ab8 method=java.util.concurrent.ConcurrentHashMap.addCount(JI)V @ 7
Event: 7.933 Thread 0x000000001f4db800 Uncommon trap: reason=unstable_if action=reinterpret pc=0x00000000036e2ab8 method=java.util.concurrent.ConcurrentHashMap.addCount(JI)V @ 7
Event: 8.073 Thread 0x000000001cdd6800 Uncommon trap: reason=unstable_if action=reinterpret pc=0x000000000379a59c method=org.codehaus.groovy.runtime.metaclass.MetaMethodIndex.addMethodToList(Ljava/lang/Object;Lgroovy/lang/MetaMethod;)Ljava/lang/Object; @ 226
Event: 8.098 Thread 0x000000001cdd6800 Uncommon trap: reason=unstable_if action=reinterpret pc=0x0000000003563cac method=java.util.jar.JarFile.match([C[B[I[I)Z @ 29
Event: 8.293 Thread 0x000000001cdd6800 Uncommon trap: reason=range_check action=make_not_entrant pc=0x0000000003bcedb0 method=java.lang.String.charAt(I)C @ 27
Event: 8.379 Thread 0x000000001cdd6800 Uncommon trap: reason=unstable_if action=reinterpret pc=0x000000000356f990 method=java.util.regex.Pattern.has(I)Z @ 6

Classes redefined (0 events):
No events

Internal exceptions (10 events):
Event: 8.366 Thread 0x000000001cdd6800 Exception <a 'java/lang/ClassNotFoundException': org/gradle/api/tasks/DeleteCustomizer> (0x00000000d86c02b0) thrown at [C:\src\AOSP-openjdk-git\hotspot\src\share\vm\classfile\systemDictionary.cpp, line 210]
Event: 8.368 Thread 0x000000001cdd6800 Exception <a 'java/lang/ClassNotFoundException': org/gradle/api/tasks/Delete_DecoratedCustomizer> (0x00000000d8710890) thrown at [C:\src\AOSP-openjdk-git\hotspot\src\share\vm\classfile\systemDictionary.cpp, line 210]
Event: 8.381 Thread 0x000000001cd94000 Exception <a 'java/lang/NoSuchMethodError': <clinit>> (0x00000000d58801c8) thrown at [C:\src\AOSP-openjdk-git\hotspot\src\share\vm\prims\jni.cpp, line 1615]
Event: 8.384 Thread 0x000000001cd94000 Exception <a 'java/lang/NoSuchMethodError': <clinit>> (0x00000000d589d748) thrown at [C:\src\AOSP-openjdk-git\hotspot\src\share\vm\prims\jni.cpp, line 1615]
Event: 8.384 Thread 0x000000001cd94000 Exception <a 'java/lang/NoSuchMethodError': <clinit>> (0x00000000d589ec80) thrown at [C:\src\AOSP-openjdk-git\hotspot\src\share\vm\prims\jni.cpp, line 1615]
Event: 8.384 Thread 0x000000001cd94000 Exception <a 'java/lang/NoSuchMethodError': <clinit>> (0x00000000d58a0578) thrown at [C:\src\AOSP-openjdk-git\hotspot\src\share\vm\prims\jni.cpp, line 1615]
Event: 8.384 Thread 0x000000001cd94000 Exception <a 'java/lang/NoSuchMethodError': <clinit>> (0x00000000d58a1aa0) thrown at [C:\src\AOSP-openjdk-git\hotspot\src\share\vm\prims\jni.cpp, line 1615]
Event: 8.385 Thread 0x000000001cd94000 Exception <a 'java/lang/NoSuchMethodError': <clinit>> (0x00000000d58abd10) thrown at [C:\src\AOSP-openjdk-git\hotspot\src\share\vm\prims\jni.cpp, line 1615]
Event: 8.386 Thread 0x000000001cd94000 Exception <a 'java/lang/NoSuchMethodError': <clinit>> (0x00000000d58b6c30) thrown at [C:\src\AOSP-openjdk-git\hotspot\src\share\vm\prims\jni.cpp, line 1615]
Event: 8.390 Thread 0x000000001cd94000 Exception <a 'java/lang/NoSuchMethodError': <clinit>> (0x00000000d58ca038) thrown at [C:\src\AOSP-openjdk-git\hotspot\src\share\vm\prims\jni.cpp, line 1615]

Events (10 events):
Event: 8.379 loading class java/util/regex/Pattern$SingleI
Event: 8.379 loading class java/util/regex/Pattern$SingleI done
Event: 8.379 loading class java/util/regex/Pattern$3
Event: 8.379 loading class java/util/regex/Pattern$3 done
Event: 8.379 loading class org/gradle/internal/build/event/types/DefaultOperationFinishedProgressEvent
Event: 8.379 loading class org/gradle/internal/build/event/types/DefaultOperationFinishedProgressEvent done
Event: 8.387 loading class java/time/Ser
Event: 8.388 loading class java/time/Ser done
Event: 8.388 Executing VM operation: BulkRevokeBias
Event: 8.389 Executing VM operation: BulkRevokeBias done


Dynamic libraries:
0x00007ff735840000 - 0x00007ff735871000 	C:\Program Files\Android\Android Studio\jre\bin\java.exe
0x00007ffb12030000 - 0x00007ffb12226000 	C:\Windows\SYSTEM32\ntdll.dll
0x00007ffb10130000 - 0x00007ffb101ed000 	C:\Windows\System32\KERNEL32.DLL
0x00007ffb0f7f0000 - 0x00007ffb0fab9000 	C:\Windows\System32\KERNELBASE.dll
0x00007ffb10b50000 - 0x00007ffb10bfc000 	C:\Windows\System32\ADVAPI32.dll
0x00007ffb10090000 - 0x00007ffb1012e000 	C:\Windows\System32\msvcrt.dll
0x00007ffb10910000 - 0x00007ffb109ac000 	C:\Windows\System32\sechost.dll
0x00007ffb119f0000 - 0x00007ffb11b1b000 	C:\Windows\System32\RPCRT4.dll
0x00007ffb10770000 - 0x00007ffb10910000 	C:\Windows\System32\USER32.dll
0x00007ffb0ffb0000 - 0x00007ffb0ffd2000 	C:\Windows\System32\win32u.dll
0x00007ffb11b20000 - 0x00007ffb11b4a000 	C:\Windows\System32\GDI32.dll
0x00007ffb0fac0000 - 0x00007ffb0fbcb000 	C:\Windows\System32\gdi32full.dll
0x00007ffb0fee0000 - 0x00007ffb0ff7d000 	C:\Windows\System32\msvcp_win.dll
0x00007ffb0fde0000 - 0x00007ffb0fee0000 	C:\Windows\System32\ucrtbase.dll
0x00007ffafd1e0000 - 0x00007ffafd47b000 	C:\Windows\WinSxS\amd64_microsoft.windows.common-controls_6595b64144ccf1df_6.0.19041.746_none_ca02b4b61b8320a4\COMCTL32.dll
0x00007ffb11b50000 - 0x00007ffb11b80000 	C:\Windows\System32\IMM32.DLL
0x0000000058ce0000 - 0x0000000058db2000 	C:\Program Files\Android\Android Studio\jre\jre\bin\msvcr100.dll
0x00000000590b0000 - 0x00000000598fb000 	C:\Program Files\Android\Android Studio\jre\jre\bin\server\jvm.dll
0x00007ffb10540000 - 0x00007ffb10548000 	C:\Windows\System32\PSAPI.DLL
0x00007ffafafa0000 - 0x00007ffafafa9000 	C:\Windows\SYSTEM32\WSOCK32.dll
0x00007ffb04b60000 - 0x00007ffb04b87000 	C:\Windows\SYSTEM32\WINMM.dll
0x00007ffb08fa0000 - 0x00007ffb08faa000 	C:\Windows\SYSTEM32\VERSION.dll
0x00007ffb10df0000 - 0x00007ffb10e5b000 	C:\Windows\System32\WS2_32.dll
0x00007ffb01c80000 - 0x00007ffb01c8f000 	C:\Program Files\Android\Android Studio\jre\jre\bin\verify.dll
0x00007ffb01240000 - 0x00007ffb01269000 	C:\Program Files\Android\Android Studio\jre\jre\bin\java.dll
0x00007ffb01c60000 - 0x00007ffb01c76000 	C:\Program Files\Android\Android Studio\jre\jre\bin\zip.dll
0x00007ffb112a0000 - 0x00007ffb119e2000 	C:\Windows\System32\SHELL32.dll
0x00007ffb0d8a0000 - 0x00007ffb0e030000 	C:\Windows\SYSTEM32\windows.storage.dll
0x00007ffb10e60000 - 0x00007ffb111b6000 	C:\Windows\System32\combase.dll
0x00007ffb0f1d0000 - 0x00007ffb0f1fc000 	C:\Windows\SYSTEM32\Wldp.dll
0x00007ffb10aa0000 - 0x00007ffb10b4e000 	C:\Windows\System32\SHCORE.dll
0x00007ffb11240000 - 0x00007ffb11295000 	C:\Windows\System32\shlwapi.dll
0x00007ffb0f6a0000 - 0x00007ffb0f6c6000 	C:\Windows\SYSTEM32\profapi.dll
0x00007ffb01220000 - 0x00007ffb0123a000 	C:\Program Files\Android\Android Studio\jre\jre\bin\net.dll
0x00007ffb0ef50000 - 0x00007ffb0efba000 	C:\Windows\system32\mswsock.dll
0x00007ffb01200000 - 0x00007ffb01213000 	C:\Program Files\Android\Android Studio\jre\jre\bin\nio.dll
0x00007ffadeb70000 - 0x00007ffadeb96000 	C:\Users\Belkoweb\.gradle\native\31\windows-amd64\native-platform.dll
0x00007ffb019b0000 - 0x00007ffb019bd000 	C:\Program Files\Android\Android Studio\jre\jre\bin\management.dll
0x00007ffb0f120000 - 0x00007ffb0f138000 	C:\Windows\SYSTEM32\CRYPTSP.dll
0x00007ffb0e880000 - 0x00007ffb0e8b4000 	C:\Windows\system32\rsaenh.dll
0x00007ffb0ff80000 - 0x00007ffb0ffa7000 	C:\Windows\System32\bcrypt.dll
0x00007ffb0f660000 - 0x00007ffb0f68e000 	C:\Windows\SYSTEM32\USERENV.dll
0x00007ffb0f770000 - 0x00007ffb0f7f0000 	C:\Windows\System32\bcryptprimitives.dll
0x00007ffb0f140000 - 0x00007ffb0f14c000 	C:\Windows\SYSTEM32\CRYPTBASE.dll
0x00007ffb0ebf0000 - 0x00007ffb0ec2b000 	C:\Windows\SYSTEM32\IPHLPAPI.DLL
0x00007ffb10550000 - 0x00007ffb10558000 	C:\Windows\System32\NSI.dll
0x00007ffb08b90000 - 0x00007ffb08ba7000 	C:\Windows\SYSTEM32\dhcpcsvc6.DLL
0x00007ffb08c30000 - 0x00007ffb08c4d000 	C:\Windows\SYSTEM32\dhcpcsvc.DLL
0x00007ffb0ec30000 - 0x00007ffb0ecfb000 	C:\Windows\SYSTEM32\DNSAPI.dll

VM Arguments:
jvm_args: -Xmx2048m -Dfile.encoding=windows-1252 -Duser.country=FR -Duser.language=fr -Duser.variant 
java_command: org.gradle.launcher.daemon.bootstrap.GradleDaemon 6.1.1
java_class_path (initial): C:\Users\Belkoweb\.gradle\wrapper\dists\gradle-6.1.1-all\cfmwm155h49vnt3hynmlrsdst\gradle-6.1.1\lib\gradle-launcher-6.1.1.jar
Launcher Type: SUN_STANDARD

Environment Variables:
JAVA_HOME=C:\Program Files\Android\Android Studio\jre
PATH=C:\Program Files (x86)\Common Files\Oracle\Java\javapath;C:\oraclexe\app\oracle\product\11.2.0\server\bin;C:\Program Files\Common Files\Oracle\Java\javapath;C:\Windows\system32;C:\Windows;C:\Windows\System32\Wbem;C:\Windows\System32\WindowsPowerShell\v1.0\;C:\Windows\System32\OpenSSH\;C:\Program Files\Symfony;C:\Program Files\Git\cmd;C:\wamp64\bin\php\php7.4.0;C:\ProgramData\ComposerSetup\bin;C:\Program Files\PuTTY\;C:\Program Files\nodejs\;C:\Program Files\dotnet\;C:\Program Files\Java\jdk1.6.0_45;C:\Users\Belkoweb\AppData\Local\Microsoft\WindowsApps;C:\Users\Belkoweb\AppData\Roaming\Composer\vendor\bin;C:\Users\Belkoweb\AppData\Roaming\npm;C:\Program Files\heroku\bin;C:\Users\Belkoweb\.dotnet\tools
USERNAME=Belkoweb
OS=Windows_NT
PROCESSOR_IDENTIFIER=Intel64 Family 6 Model 142 Stepping 10, GenuineIntel



---------------  S Y S T E M  ---------------

OS: Windows 10.0 , 64 bit Build 19041 (10.0.19041.804)

CPU:total 8 (initial active 8) (4 cores per cpu, 2 threads per core) family 6 model 142 stepping 10, cmov, cx8, fxsr, mmx, sse, sse2, sse3, ssse3, sse4.1, sse4.2, popcnt, avx, avx2, aes, clmul, erms, 3dnowpref, lzcnt, ht, tsc, tscinvbit, bmi1, bmi2, adx

Memory: 4k page, physical 4056128k(561304k free), swap 13515964k(5272k free)

vm_info: OpenJDK 64-Bit Server VM (25.242-b01) for windows-amd64 JRE (1.8.0_242-release-1644-b01), built by "builder" with MS VC++ 10.0 (VS2010)

time: Sat Feb 27 09:08:19 2021
timezone: Maroc (heure d’été)
elapsed time: 8 seconds (0d 0h 0m 8s)

